============================= test session starts =============================
platform win32 -- Python 3.12.0, pytest-9.0.3, pluggy-1.6.0 -- D:\os\Python312\python.exe
cachedir: .pytest_cache
rootdir: E:\˶������\PyGBSentry\ProtoForge
configfile: pyproject.toml
plugins: anyio-4.9.0, asyncio-1.3.0, cov-7.1.0, mock-3.15.1, timeout-2.4.0
asyncio: mode=Mode.AUTO, debug=False, asyncio_default_fixture_loop_scope=None, asyncio_default_test_loop_scope=function
timeout: 30.0s
timeout method: thread
timeout func_only: False
collecting ... collected 1011 items

tests/test_500_boundary.py::TestDeviceCreateBoundary::test_create_device_empty_id PASSED [  0%]
tests/test_500_boundary.py::TestDeviceCreateBoundary::test_create_device_empty_name PASSED [  0%]
tests/test_500_boundary.py::TestDeviceCreateBoundary::test_create_device_null_id PASSED [  0%]
tests/test_500_boundary.py::TestDeviceCreateBoundary::test_create_device_super_long_id PASSED [  0%]
tests/test_500_boundary.py::TestDeviceCreateBoundary::test_create_device_special_chars_in_id PASSED [  0%]
tests/test_500_boundary.py::TestDeviceCreateBoundary::test_create_device_invalid_protocol PASSED [  0%]
tests/test_500_boundary.py::TestDeviceCreateBoundary::test_create_device_missing_points PASSED [  0%]
tests/test_500_boundary.py::TestDeviceCreateBoundary::test_create_device_null_points PASSED [  0%]
tests/test_500_boundary.py::TestDeviceCreateBoundary::test_create_device_malformed_points PASSED [  0%]
tests/test_500_boundary.py::TestDeviceReadBoundary::test_get_nonexistent_device PASSED [  0%]
tests/test_500_boundary.py::TestDeviceReadBoundary::test_get_device_empty_id PASSED [  1%]
tests/test_500_boundary.py::TestDeviceReadBoundary::test_get_device_special_chars PASSED [  1%]
tests/test_500_boundary.py::TestDeviceReadBoundary::test_get_device_points_nonexistent PASSED [  1%]
tests/test_500_boundary.py::TestDeviceWritePointBoundary::test_write_point_missing_value PASSED [  1%]
tests/test_500_boundary.py::TestDeviceWritePointBoundary::test_write_point_null_body PASSED [  1%]
tests/test_500_boundary.py::TestDeviceWritePointBoundary::test_write_point_nonexistent_device PASSED [  1%]
tests/test_500_boundary.py::TestDeviceWritePointBoundary::test_write_point_nonexistent_point PASSED [  1%]
tests/test_500_boundary.py::TestDeviceWritePointBoundary::test_write_point_value_string_for_numeric PASSED [  1%]
tests/test_500_boundary.py::TestDeviceWritePointBoundary::test_write_point_value_extreme_float PASSED [  1%]
tests/test_500_boundary.py::TestDeviceBatchBoundary::test_batch_create_empty_list PASSED [  1%]
tests/test_500_boundary.py::TestDeviceBatchBoundary::test_batch_create_with_invalid_device PASSED [  2%]
tests/test_500_boundary.py::TestDeviceBatchBoundary::test_batch_delete_empty_list PASSED [  2%]
tests/test_500_boundary.py::TestDeviceBatchBoundary::test_batch_delete_nonexistent_ids PASSED [  2%]
tests/test_500_boundary.py::TestScenarioBoundary::test_create_scenario_empty_name PASSED [  2%]
tests/test_500_boundary.py::TestScenarioBoundary::test_create_scenario_empty_id PASSED [  2%]
tests/test_500_boundary.py::TestScenarioBoundary::test_get_nonexistent_scenario PASSED [  2%]
tests/test_500_boundary.py::TestScenarioBoundary::test_start_nonexistent_scenario PASSED [  2%]
tests/test_500_boundary.py::TestScenarioBoundary::test_stop_nonexistent_scenario PASSED [  2%]
tests/test_500_boundary.py::TestSystemBoundary::test_backup_restore_empty_data PASSED [  2%]
tests/test_500_boundary.py::TestSystemBoundary::test_backup_restore_null_data PASSED [  2%]
tests/test_500_boundary.py::TestSystemBoundary::test_backup_restore_non_dict_data PASSED [  3%]
tests/test_500_boundary.py::TestSystemBoundary::test_backup_restore_malformed_data PASSED [  3%]
tests/test_500_boundary.py::TestSystemBoundary::test_update_settings_invalid_key PASSED [  3%]
tests/test_500_boundary.py::TestSystemBoundary::test_update_settings_empty PASSED [  3%]
tests/test_500_boundary.py::TestSystemBoundary::test_audit_query_invalid_limit PASSED [  3%]
tests/test_500_boundary.py::TestSystemBoundary::test_audit_query_huge_limit PASSED [  3%]
tests/test_500_boundary.py::TestSystemBoundary::test_audit_query_negative_offset PASSED [  3%]
tests/test_500_boundary.py::TestTemplateBoundary::test_get_nonexistent_template PASSED [  3%]
tests/test_500_boundary.py::TestTemplateBoundary::test_quick_create_nonexistent_template PASSED [  3%]
tests/test_500_boundary.py::TestTemplateBoundary::test_quick_create_empty_template_id PASSED [  3%]
tests/test_500_boundary.py::TestTemplateBoundary::test_quick_create_empty_name PASSED [  4%]
tests/test_500_boundary.py::TestFaultInjectionBoundary::test_inject_fault_nonexistent_device PASSED [  4%]
tests/test_500_boundary.py::TestFaultInjectionBoundary::test_inject_fault_invalid_type PASSED [  4%]
tests/test_500_boundary.py::TestFaultInjectionBoundary::test_inject_fault_invalid_trigger_mode PASSED [  4%]
tests/test_500_boundary.py::TestFaultInjectionBoundary::test_list_faults_nonexistent_device PASSED [  4%]
tests/test_500_boundary.py::TestConcurrencyBoundary::test_concurrent_create_same_device PASSED [  4%]
tests/test_500_boundary.py::TestConcurrencyBoundary::test_concurrent_read_points PASSED [  4%]
tests/test_500_boundary.py::TestConcurrencyBoundary::test_concurrent_start_stop PASSED [  4%]
tests/test_500_boundary.py::TestConcurrencyBoundary::test_concurrent_write_same_point PASSED [  4%]
tests/test_500_boundary.py::TestConcurrencyBoundary::test_concurrent_backup_export PASSED [  4%]
tests/test_500_boundary.py::TestExternalDependencyFailure::test_create_device_db_failure PASSED [  5%]
tests/test_500_boundary.py::TestExternalDependencyFailure::test_get_device_engine_failure PASSED [  5%]
tests/test_500_boundary.py::TestExternalDependencyFailure::test_backup_export_db_none PASSED [  5%]
tests/test_500_boundary.py::TestExternalDependencyFailure::test_write_point_engine_exception PASSED [  5%]
tests/test_500_boundary.py::TestExternalDependencyFailure::test_webhook_failure_does_not_cause_500 PASSED [  5%]
tests/test_500_boundary.py::TestMalformedRequestBody::test_create_device_invalid_json PASSED [  5%]
tests/test_500_boundary.py::TestMalformedRequestBody::test_create_device_wrong_content_type PASSED [  5%]
tests/test_500_boundary.py::TestMalformedRequestBody::test_write_point_array_body PASSED [  5%]
tests/test_500_boundary.py::TestMalformedRequestBody::test_write_point_string_body PASSED [  5%]
tests/test_500_boundary.py::TestProtocolBoundary::test_get_nonexistent_protocol_config PASSED [  5%]
tests/test_500_boundary.py::TestProtocolBoundary::test_start_nonexistent_protocol PASSED [  6%]
tests/test_500_boundary.py::TestProtocolBoundary::test_stop_nonexistent_protocol PASSED [  6%]
tests/test_500_boundary.py::TestProtocolBoundary::test_start_protocol_with_null_config PASSED [  6%]
tests/test_500_boundary.py::TestProtocolBoundary::test_start_protocol_with_empty_config PASSED [  6%]
tests/test_500_boundary.py::TestProtocolBoundary::test_start_protocol_with_invalid_port PASSED [  6%]
tests/test_500_boundary.py::TestProtocolBoundary::test_start_protocol_with_negative_port PASSED [  6%]
tests/test_500_boundary.py::TestProtocolBoundary::test_start_protocol_with_huge_port PASSED [  6%]
tests/test_500_boundary.py::TestProtocolBoundary::test_start_all_protocols PASSED [  6%]
tests/test_500_boundary.py::TestProtocolBoundary::test_stop_all_protocols PASSED [  6%]
tests/test_500_boundary.py::TestLogBoundary::test_get_logs_negative_count PASSED [  6%]
tests/test_500_boundary.py::TestLogBoundary::test_get_logs_huge_count PASSED [  7%]
tests/test_500_boundary.py::TestLogBoundary::test_get_logs_zero_count PASSED [  7%]
tests/test_500_boundary.py::TestLogBoundary::test_get_logs_with_special_chars_protocol PASSED [  7%]
tests/test_500_boundary.py::TestLogBoundary::test_clear_logs PASSED      [  7%]
tests/test_500_boundary.py::TestWebhookBoundary::test_list_webhooks PASSED [  7%]
tests/test_500_boundary.py::TestWebhookBoundary::test_add_webhook_missing_url PASSED [  7%]
tests/test_500_boundary.py::TestWebhookBoundary::test_add_webhook_null_url PASSED [  7%]
tests/test_500_boundary.py::TestWebhookBoundary::test_add_webhook_empty_url PASSED [  7%]
tests/test_500_boundary.py::TestWebhookBoundary::test_add_webhook_invalid_url_scheme PASSED [  7%]
tests/test_500_boundary.py::TestWebhookBoundary::test_add_webhook_non_string_url PASSED [  7%]
tests/test_500_boundary.py::TestWebhookBoundary::test_add_webhook_super_long_url PASSED [  8%]
tests/test_500_boundary.py::TestWebhookBoundary::test_update_nonexistent_webhook PASSED [  8%]
tests/test_500_boundary.py::TestWebhookBoundary::test_delete_nonexistent_webhook PASSED [  8%]
tests/test_500_boundary.py::TestWebhookBoundary::test_test_nonexistent_webhook PASSED [  8%]
tests/test_500_boundary.py::TestWebhookBoundary::test_webhook_stats PASSED [  8%]
tests/test_500_boundary.py::TestForwardBoundary::test_list_forward_targets PASSED [  8%]
tests/test_500_boundary.py::TestForwardBoundary::test_add_forward_target_empty_config PASSED [  8%]
tests/test_500_boundary.py::TestForwardBoundary::test_add_forward_target_null_config PASSED [  8%]
tests/test_500_boundary.py::TestForwardBoundary::test_add_forward_target_invalid_port PASSED [  8%]
tests/test_500_boundary.py::TestForwardBoundary::test_add_forward_target_negative_port PASSED [  8%]
tests/test_500_boundary.py::TestForwardBoundary::test_add_forward_target_huge_port PASSED [  9%]
tests/test_500_boundary.py::TestForwardBoundary::test_remove_nonexistent_forward_target PASSED [  9%]
tests/test_500_boundary.py::TestForwardBoundary::test_forward_stats PASSED [  9%]
tests/test_500_boundary.py::TestRecorderBoundary::test_list_recordings PASSED [  9%]
tests/test_500_boundary.py::TestRecorderBoundary::test_get_nonexistent_recording PASSED [  9%]
tests/test_500_boundary.py::TestRecorderBoundary::test_delete_nonexistent_recording PASSED [  9%]
tests/test_500_boundary.py::TestRecorderBoundary::test_start_recording_null_config PASSED [  9%]
tests/test_500_boundary.py::TestRecorderBoundary::test_start_recording_empty_config PASSED [  9%]
tests/test_500_boundary.py::TestRecorderBoundary::test_stop_recording_when_none_active PASSED [  9%]
tests/test_500_boundary.py::TestAuthBoundary::test_login_empty_username PASSED [  9%]
tests/test_500_boundary.py::TestAuthBoundary::test_login_empty_password PASSED [  9%]
tests/test_500_boundary.py::TestAuthBoundary::test_login_null_username PASSED [ 10%]
tests/test_500_boundary.py::TestAuthBoundary::test_login_missing_fields PASSED [ 10%]
tests/test_500_boundary.py::TestAuthBoundary::test_login_wrong_credentials PASSED [ 10%]
tests/test_500_boundary.py::TestAuthBoundary::test_login_super_long_username PASSED [ 10%]
tests/test_500_boundary.py::TestAuthBoundary::test_login_special_chars_in_username PASSED [ 10%]
tests/test_500_boundary.py::TestAuthBoundary::test_refresh_empty_token PASSED [ 10%]
tests/test_500_boundary.py::TestAuthBoundary::test_refresh_invalid_token PASSED [ 10%]
tests/test_500_boundary.py::TestIntegrationBoundary::test_get_integration_status PASSED [ 10%]
tests/test_500_boundary.py::TestIntegrationBoundary::test_get_integration_metrics PASSED [ 10%]
tests/test_500_boundary.py::TestIntegrationBoundary::test_batch_push_empty_device_ids PASSED [ 10%]
tests/test_500_boundary.py::TestIntegrationBoundary::test_batch_push_null_device_ids PASSED [ 11%]
tests/test_500_boundary.py::TestIntegrationBoundary::test_batch_push_non_array_device_ids PASSED [ 11%]
tests/test_500_boundary.py::TestIntegrationBoundary::test_batch_push_non_string_elements PASSED [ 11%]
tests/test_500_boundary.py::TestIntegrationBoundary::test_batch_push_nonexistent_devices PASSED [ 11%]
tests/test_500_boundary.py::TestIntegrationBoundary::test_batch_push_invalid_concurrency PASSED [ 11%]
tests/test_500_boundary.py::TestIntegrationBoundary::test_batch_push_negative_concurrency PASSED [ 11%]
tests/test_500_boundary.py::TestEdgeliteBoundary::test_import_edgelite_empty_config PASSED [ 11%]
tests/test_500_boundary.py::TestEdgeliteBoundary::test_import_edgelite_null_config PASSED [ 11%]
tests/test_500_boundary.py::TestEdgeliteBoundary::test_push_nonexistent_device_to_edgelite PASSED [ 11%]
tests/test_500_boundary.py::TestEdgeliteBoundary::test_batch_push_empty_device_ids PASSED [ 11%]
tests/test_500_boundary.py::TestEdgeliteBoundary::test_batch_push_nonexistent_devices PASSED [ 12%]
tests/test_500_boundary.py::TestTestRoutesBoundary::test_list_test_cases PASSED [ 12%]
tests/test_500_boundary.py::TestTestRoutesBoundary::test_get_nonexistent_test_case PASSED [ 12%]
tests/test_500_boundary.py::TestTestRoutesBoundary::test_create_test_case_empty_body PASSED [ 12%]
tests/test_500_boundary.py::TestTestRoutesBoundary::test_create_test_case_null_body PASSED [ 12%]
tests/test_500_boundary.py::TestTestRoutesBoundary::test_delete_nonexistent_test_case PASSED [ 12%]
tests/test_500_boundary.py::TestTestRoutesBoundary::test_update_nonexistent_test_case PASSED [ 12%]
tests/test_500_boundary.py::TestTestRoutesBoundary::test_list_test_suites PASSED [ 12%]
tests/test_500_boundary.py::TestTestRoutesBoundary::test_get_nonexistent_test_suite PASSED [ 12%]
tests/test_500_boundary.py::TestFaultRoutesBoundary::test_create_fault_nonexistent_device PASSED [ 12%]
tests/test_500_boundary.py::TestFaultRoutesBoundary::test_create_fault_missing_device_id PASSED [ 13%]
tests/test_500_boundary.py::TestFaultRoutesBoundary::test_create_fault_null_device_id PASSED [ 13%]
tests/test_500_boundary.py::TestFaultRoutesBoundary::test_create_fault_empty_device_id PASSED [ 13%]
tests/test_500_boundary.py::TestFaultRoutesBoundary::test_create_fault_invalid_type PASSED [ 13%]
tests/test_500_boundary.py::TestFaultRoutesBoundary::test_create_fault_invalid_trigger_mode PASSED [ 13%]
tests/test_500_boundary.py::TestFaultRoutesBoundary::test_list_faults PASSED [ 13%]
tests/test_500_boundary.py::TestFaultRoutesBoundary::test_clear_faults PASSED [ 13%]
tests/test_500_boundary.py::TestFaultRoutesBoundary::test_list_fault_scenarios PASSED [ 13%]
tests/test_500_boundary.py::TestConcurrencyStress::test_concurrent_list_devices PASSED [ 13%]
tests/test_500_boundary.py::TestConcurrencyStress::test_concurrent_list_protocols PASSED [ 13%]
tests/test_500_boundary.py::TestConcurrencyStress::test_concurrent_get_logs PASSED [ 14%]
tests/test_500_boundary.py::TestConcurrencyStress::test_concurrent_create_and_delete PASSED [ 14%]
tests/test_500_boundary.py::TestConcurrencyStress::test_concurrent_settings_read PASSED [ 14%]
tests/test_500_boundary.py::TestHttpMethodMisuse::test_patch_device_not_allowed PASSED [ 14%]
tests/test_500_boundary.py::TestHttpMethodMisuse::test_put_protocols_not_allowed PASSED [ 14%]
tests/test_500_boundary.py::TestHttpMethodMisuse::test_delete_logs_with_body PASSED [ 14%]
tests/test_500_boundary.py::TestHttpMethodMisuse::test_post_to_get_endpoint PASSED [ 14%]
tests/test_500_boundary.py::TestHttpMethodMisuse::test_get_to_post_endpoint PASSED [ 14%]
tests/test_api.py::test_root PASSED                                      [ 14%]
tests/test_api.py::test_health PASSED                                    [ 14%]
tests/test_api.py::test_list_protocols PASSED                            [ 15%]
tests/test_api.py::test_list_templates PASSED                            [ 15%]
tests/test_api.py::test_create_and_get_device PASSED                     [ 15%]
tests/test_api.py::test_scenario_crud PASSED                             [ 15%]
tests/test_api.py::test_scenario_export PASSED                           [ 15%]
tests/test_api.py::test_logs_endpoint PASSED                             [ 15%]
tests/test_api.py::test_http_protocol_device PASSED                      [ 15%]
tests/test_api_extended_coverage.py::TestWebhookAPI::test_list_webhooks PASSED [ 15%]
tests/test_api_extended_coverage.py::TestWebhookAPI::test_create_webhook PASSED [ 15%]
tests/test_api_extended_coverage.py::TestWebhookAPI::test_update_webhook PASSED [ 15%]
tests/test_api_extended_coverage.py::TestWebhookAPI::test_delete_webhook PASSED [ 16%]
tests/test_api_extended_coverage.py::TestWebhookAPI::test_test_webhook PASSED [ 16%]
tests/test_api_extended_coverage.py::TestWebhookAPI::test_webhook_stats PASSED [ 16%]
tests/test_api_extended_coverage.py::TestTemplateAPI::test_list_templates PASSED [ 16%]
tests/test_api_extended_coverage.py::TestTemplateAPI::test_search_templates PASSED [ 16%]
tests/test_api_extended_coverage.py::TestTemplateAPI::test_template_tags PASSED [ 16%]
tests/test_api_extended_coverage.py::TestTemplateAPI::test_get_template PASSED [ 16%]
tests/test_api_extended_coverage.py::TestTemplateAPI::test_create_template PASSED [ 16%]
tests/test_api_extended_coverage.py::TestTemplateAPI::test_delete_template PASSED [ 16%]
tests/test_api_extended_coverage.py::TestTemplateAPI::test_export_template PASSED [ 16%]
tests/test_api_extended_coverage.py::TestTemplateAPI::test_instantiate_template PASSED [ 17%]
tests/test_api_extended_coverage.py::TestScenarioAPI::test_list_scenarios PASSED [ 17%]
tests/test_api_extended_coverage.py::TestScenarioAPI::test_create_scenario PASSED [ 17%]
tests/test_api_extended_coverage.py::TestScenarioAPI::test_get_scenario PASSED [ 17%]
tests/test_api_extended_coverage.py::TestScenarioAPI::test_start_stop_scenario PASSED [ 17%]
tests/test_api_extended_coverage.py::TestScenarioAPI::test_update_scenario PASSED [ 17%]
tests/test_api_extended_coverage.py::TestScenarioAPI::test_delete_scenario PASSED [ 17%]
tests/test_api_extended_coverage.py::TestSystemAPI::test_setup_status PASSED [ 17%]
tests/test_api_extended_coverage.py::TestSystemAPI::test_get_settings PASSED [ 17%]
tests/test_api_extended_coverage.py::TestSystemAPI::test_update_settings PASSED [ 17%]
tests/test_api_extended_coverage.py::TestSystemAPI::test_audit_logs PASSED [ 18%]
tests/test_api_extended_coverage.py::TestSystemAPI::test_audit_stats PASSED [ 18%]
tests/test_api_extended_coverage.py::TestSystemAPI::test_backup PASSED   [ 18%]
tests/test_api_extended_coverage.py::TestDeviceAPIExtended::test_list_devices PASSED [ 18%]
tests/test_api_extended_coverage.py::TestDeviceAPIExtended::test_create_device_with_multiple_points PASSED [ 18%]
tests/test_api_extended_coverage.py::TestDeviceAPIExtended::test_start_stop_device FAILED [ 18%]
tests/test_api_extended_coverage.py::TestDeviceAPIExtended::test_write_device_point FAILED [ 18%]
tests/test_api_extended_coverage.py::TestDeviceAPIExtended::test_get_device_detail FAILED [ 18%]
tests/test_api_extended_coverage.py::TestDeviceAPIExtended::test_update_device FAILED [ 18%]
tests/test_api_extended_coverage.py::TestProtocolAPI::test_list_protocols PASSED [ 18%]
tests/test_api_extended_coverage.py::TestProtocolAPI::test_get_protocol_detail PASSED [ 18%]
tests/test_api_extended_coverage.py::TestProtocolAPI::test_start_stop_protocol PASSED [ 19%]
tests/test_api_extended_coverage.py::TestRecorderAPI::test_list_recordings PASSED [ 19%]
tests/test_api_extended_coverage.py::TestRecorderAPI::test_recorder_stats PASSED [ 19%]
tests/test_api_extended_coverage.py::TestForwardAPI::test_list_forwards PASSED [ 19%]
tests/test_api_extended_coverage.py::TestForwardAPI::test_forward_stats PASSED [ 19%]
tests/test_api_extended_coverage.py::TestMetricsEndpoint::test_metrics_endpoint PASSED [ 19%]
tests/test_api_extended_coverage.py::TestMetricsEndpoint::test_api_v1_metrics PASSED [ 19%]
tests/test_api_extended_coverage.py::TestIntegrationAPI::test_list_integrations PASSED [ 19%]
tests/test_auth_security.py::test_login_success PASSED                   [ 19%]
tests/test_auth_security.py::test_login_empty_username_rejected PASSED   [ 19%]
tests/test_auth_security.py::test_login_empty_password_rejected PASSED   [ 20%]
tests/test_auth_security.py::test_login_missing_fields_rejected FAILED   [ 20%]
tests/test_auth_security.py::test_login_whitespace_stripped PASSED       [ 20%]
tests/test_auth_security.py::test_health_endpoint_no_auth_required PASSED [ 20%]
tests/test_auth_security.py::test_docs_endpoint_no_auth_required PASSED  [ 20%]
tests/test_auth_security.py::test_protected_endpoint_accessible_in_no_auth_mode PASSED [ 20%]
tests/test_auth_security.py::test_register_user_validation FAILED        [ 20%]
tests/test_auth_security.py::test_refresh_token_empty_rejected PASSED    [ 20%]
tests/test_auth_security.py::test_change_password_validation FAILED      [ 20%]
tests/test_auth_security.py::test_invalid_role_update_rejected PASSED    [ 20%]
tests/test_auth_security.py::test_audit_log_query PASSED                 [ 21%]
tests/test_auth_security.py::test_audit_stats_endpoint PASSED            [ 21%]
tests/test_auth_security.py::test_audit_entry_delete_forbidden PASSED    [ 21%]
tests/test_auth_security.py::test_audit_clear_forbidden PASSED           [ 21%]
tests/test_auth_security.py::test_backup_export_structure PASSED         [ 21%]
tests/test_auth_security.py::test_backup_import_empty_data_rejected PASSED [ 21%]
tests/test_auth_security.py::test_backup_import_invalid_data_type_rejected PASSED [ 21%]
tests/test_auth_security.py::test_settings_endpoint PASSED               [ 21%]
tests/test_auth_security.py::test_recorder_stats_endpoint PASSED         [ 21%]
tests/test_behavior_models.py::TestBaseBehavior::test_cannot_instantiate_directly PASSED [ 21%]
tests/test_behavior_models.py::TestBaseBehavior::test_base_to_dict_returns_params PASSED [ 22%]
tests/test_behavior_models.py::TestBaseBehavior::test_base_from_dict_roundtrip PASSED [ 22%]
tests/test_behavior_models.py::TestBaseBehavior::test_reset_calls_init_state PASSED [ 22%]
tests/test_behavior_models.py::TestBaseBehavior::test_get_state_adds_type PASSED [ 22%]
tests/test_behavior_models.py::TestThermalBehavior::test_initial_temperature_defaults_to_ambient PASSED [ 22%]
tests/test_behavior_models.py::TestThermalBehavior::test_initial_temperature_custom PASSED [ 22%]
tests/test_behavior_models.py::TestThermalBehavior::test_temperature_rises_with_power PASSED [ 22%]
tests/test_behavior_models.py::TestThermalBehavior::test_temperature_cools_without_power PASSED [ 22%]
tests/test_behavior_models.py::TestThermalBehavior::test_overheat_protection PASSED [ 22%]
tests/test_behavior_models.py::TestThermalBehavior::test_overheat_hysteresis PASSED [ 22%]
tests/test_behavior_models.py::TestThermalBehavior::test_thermal_state_dict PASSED [ 23%]
tests/test_behavior_models.py::TestThermalBehavior::test_thermal_serialization_roundtrip PASSED [ 23%]
tests/test_behavior_models.py::TestThermalBehavior::test_thermal_reset PASSED [ 23%]
tests/test_behavior_models.py::TestMotorBehavior::test_motor_starts_from_zero PASSED [ 23%]
tests/test_behavior_models.py::TestMotorBehavior::test_motor_accelerates_with_torque PASSED [ 23%]
tests/test_behavior_models.py::TestMotorBehavior::test_motor_steady_state PASSED [ 23%]
tests/test_behavior_models.py::TestMotorBehavior::test_motor_torque_limit PASSED [ 23%]
tests/test_behavior_models.py::TestMotorBehavior::test_motor_stall_detection PASSED [ 23%]
tests/test_behavior_models.py::TestMotorBehavior::test_motor_state_dict PASSED [ 23%]
tests/test_behavior_models.py::TestMotorBehavior::test_motor_serialization_roundtrip PASSED [ 23%]
tests/test_behavior_models.py::TestMotorBehavior::test_motor_reset PASSED [ 24%]
tests/test_behavior_models.py::TestPressureBehavior::test_pressure_initial PASSED [ 24%]
tests/test_behavior_models.py::TestPressureBehavior::test_pressure_responds_to_target PASSED [ 24%]
tests/test_behavior_models.py::TestPressureBehavior::test_pressure_converges_to_target PASSED [ 24%]
tests/test_behavior_models.py::TestPressureBehavior::test_pressure_state_dict PASSED [ 24%]
tests/test_behavior_models.py::TestPressureBehavior::test_pressure_reset PASSED [ 24%]
tests/test_behavior_models.py::TestPressureBehavior::test_pressure_serialization_roundtrip PASSED [ 24%]
tests/test_behavior_models.py::TestFlowBehavior::test_flow_initial PASSED [ 24%]
tests/test_behavior_models.py::TestFlowBehavior::test_flow_responds_to_target PASSED [ 24%]
tests/test_behavior_models.py::TestFlowBehavior::test_flow_state_dict PASSED [ 24%]
tests/test_behavior_models.py::TestFlowBehavior::test_flow_reset PASSED  [ 25%]
tests/test_behavior_models.py::TestFlowBehavior::test_flow_cumulative_increases PASSED [ 25%]
tests/test_behavior_models.py::TestLevelBehavior::test_level_initial PASSED [ 25%]
tests/test_behavior_models.py::TestLevelBehavior::test_level_rises_with_inflow PASSED [ 25%]
tests/test_behavior_models.py::TestLevelBehavior::test_level_falls_with_outflow PASSED [ 25%]
tests/test_behavior_models.py::TestLevelBehavior::test_level_overflow_protection PASSED [ 25%]
tests/test_behavior_models.py::TestLevelBehavior::test_level_low_alarm PASSED [ 25%]
tests/test_behavior_models.py::TestLevelBehavior::test_level_state_dict PASSED [ 25%]
tests/test_behavior_models.py::TestLevelBehavior::test_level_reset PASSED [ 25%]
tests/test_behavior_models.py::TestLevelBehavior::test_level_serialization_roundtrip PASSED [ 25%]
tests/test_behavior_models.py::TestValveBehavior::test_valve_initial PASSED [ 26%]
tests/test_behavior_models.py::TestValveBehavior::test_valve_opens PASSED [ 26%]
tests/test_behavior_models.py::TestValveBehavior::test_valve_closes PASSED [ 26%]
tests/test_behavior_models.py::TestValveBehavior::test_valve_position_clamped PASSED [ 26%]
tests/test_behavior_models.py::TestValveBehavior::test_valve_dead_zone PASSED [ 26%]
tests/test_behavior_models.py::TestValveBehavior::test_valve_state_dict PASSED [ 26%]
tests/test_behavior_models.py::TestValveBehavior::test_valve_reset PASSED [ 26%]
tests/test_behavior_models.py::TestValveBehavior::test_valve_serialization_roundtrip PASSED [ 26%]
tests/test_behavior_models.py::TestPIDController::test_pid_initial_output_zero PASSED [ 26%]
tests/test_behavior_models.py::TestPIDController::test_pid_proportional_response PASSED [ 26%]
tests/test_behavior_models.py::TestPIDController::test_pid_integral_accumulates PASSED [ 27%]
tests/test_behavior_models.py::TestPIDController::test_pid_derivative_response PASSED [ 27%]
tests/test_behavior_models.py::TestPIDController::test_pid_output_clamping PASSED [ 27%]
tests/test_behavior_models.py::TestPIDController::test_pid_reset PASSED  [ 27%]
tests/test_behavior_models.py::TestPIDController::test_pid_state_dict PASSED [ 27%]
tests/test_behavior_models.py::TestPIDController::test_pid_serialization_roundtrip PASSED [ 27%]
tests/test_behavior_models.py::TestPIDController::test_pid_anti_windup PASSED [ 27%]
tests/test_behavior_models_coverage.py::TestBaseBehavior::test_base_init_raises PASSED [ 27%]
tests/test_behavior_models_coverage.py::TestBaseBehavior::test_base_from_dict_no_state PASSED [ 27%]
tests/test_behavior_models_coverage.py::TestThermalBehavior::test_init_defaults PASSED [ 27%]
tests/test_behavior_models_coverage.py::TestThermalBehavior::test_init_custom PASSED [ 27%]
tests/test_behavior_models_coverage.py::TestThermalBehavior::test_update_returns_float PASSED [ 28%]
tests/test_behavior_models_coverage.py::TestThermalBehavior::test_update_heats_up PASSED [ 28%]
tests/test_behavior_models_coverage.py::TestThermalBehavior::test_update_cools_down PASSED [ 28%]
tests/test_behavior_models_coverage.py::TestThermalBehavior::test_overheat_protection PASSED [ 28%]
tests/test_behavior_models_coverage.py::TestThermalBehavior::test_overheat_recovery PASSED [ 28%]
tests/test_behavior_models_coverage.py::TestThermalBehavior::test_reset PASSED [ 28%]
tests/test_behavior_models_coverage.py::TestThermalBehavior::test_get_state PASSED [ 28%]
tests/test_behavior_models_coverage.py::TestThermalBehavior::test_to_dict PASSED [ 28%]
tests/test_behavior_models_coverage.py::TestThermalBehavior::test_from_dict PASSED [ 28%]
tests/test_behavior_models_coverage.py::TestThermalBehavior::test_total_energy_accumulates PASSED [ 28%]
tests/test_behavior_models_coverage.py::TestThermalBehavior::test_zero_thermal_capacity PASSED [ 29%]
tests/test_behavior_models_coverage.py::TestMotorBehavior::test_init_defaults PASSED [ 29%]
tests/test_behavior_models_coverage.py::TestMotorBehavior::test_update_returns_float PASSED [ 29%]
tests/test_behavior_models_coverage.py::TestMotorBehavior::test_acceleration PASSED [ 29%]
tests/test_behavior_models_coverage.py::TestMotorBehavior::test_torque_limit PASSED [ 29%]
tests/test_behavior_models_coverage.py::TestMotorBehavior::test_speed_saturation PASSED [ 29%]
tests/test_behavior_models_coverage.py::TestMotorBehavior::test_stall_detection PASSED [ 29%]
tests/test_behavior_models_coverage.py::TestMotorBehavior::test_reset PASSED [ 29%]
tests/test_behavior_models_coverage.py::TestMotorBehavior::test_get_state PASSED [ 29%]
tests/test_behavior_models_coverage.py::TestMotorBehavior::test_to_dict_and_from_dict PASSED [ 29%]
tests/test_behavior_models_coverage.py::TestPressureBehavior::test_init_defaults PASSED [ 30%]
tests/test_behavior_models_coverage.py::TestPressureBehavior::test_update_returns_float PASSED [ 30%]
tests/test_behavior_models_coverage.py::TestPressureBehavior::test_pressure_converges PASSED [ 30%]
tests/test_behavior_models_coverage.py::TestPressureBehavior::test_overshoot_effect PASSED [ 30%]
tests/test_behavior_models_coverage.py::TestPressureBehavior::test_reset PASSED [ 30%]
tests/test_behavior_models_coverage.py::TestPressureBehavior::test_get_state PASSED [ 30%]
tests/test_behavior_models_coverage.py::TestPressureBehavior::test_to_dict_and_from_dict PASSED [ 30%]
tests/test_behavior_models_coverage.py::TestPressureBehavior::test_noise_effect PASSED [ 30%]
tests/test_behavior_models_coverage.py::TestFlowBehavior::test_init_defaults PASSED [ 30%]
tests/test_behavior_models_coverage.py::TestFlowBehavior::test_update_returns_float PASSED [ 30%]
tests/test_behavior_models_coverage.py::TestFlowBehavior::test_flow_clamping PASSED [ 31%]
tests/test_behavior_models_coverage.py::TestFlowBehavior::test_cumulative_accumulation PASSED [ 31%]
tests/test_behavior_models_coverage.py::TestFlowBehavior::test_pulse_effect PASSED [ 31%]
tests/test_behavior_models_coverage.py::TestFlowBehavior::test_reset PASSED [ 31%]
tests/test_behavior_models_coverage.py::TestFlowBehavior::test_get_state PASSED [ 31%]
tests/test_behavior_models_coverage.py::TestFlowBehavior::test_to_dict_and_from_dict PASSED [ 31%]
tests/test_behavior_models_coverage.py::TestFlowBehavior::test_pulse_count PASSED [ 31%]
tests/test_behavior_models_coverage.py::TestLevelBehavior::test_init_defaults PASSED [ 31%]
tests/test_behavior_models_coverage.py::TestLevelBehavior::test_update_returns_float PASSED [ 31%]
tests/test_behavior_models_coverage.py::TestLevelBehavior::test_level_rises PASSED [ 31%]
tests/test_behavior_models_coverage.py::TestLevelBehavior::test_level_falls PASSED [ 32%]
tests/test_behavior_models_coverage.py::TestLevelBehavior::test_overflow_detection PASSED [ 32%]
tests/test_behavior_models_coverage.py::TestLevelBehavior::test_low_alarm PASSED [ 32%]
tests/test_behavior_models_coverage.py::TestLevelBehavior::test_wave_effect PASSED [ 32%]
tests/test_behavior_models_coverage.py::TestLevelBehavior::test_reset PASSED [ 32%]
tests/test_behavior_models_coverage.py::TestLevelBehavior::test_get_state PASSED [ 32%]
tests/test_behavior_models_coverage.py::TestLevelBehavior::test_to_dict_and_from_dict PASSED [ 32%]
tests/test_behavior_models_coverage.py::TestLevelBehavior::test_custom_flows PASSED [ 32%]
tests/test_behavior_models_coverage.py::TestValveBehavior::test_init_defaults PASSED [ 32%]
tests/test_behavior_models_coverage.py::TestValveBehavior::test_update_returns_float PASSED [ 32%]
tests/test_behavior_models_coverage.py::TestValveBehavior::test_valve_opens PASSED [ 33%]
tests/test_behavior_models_coverage.py::TestValveBehavior::test_dead_zone PASSED [ 33%]
tests/test_behavior_models_coverage.py::TestValveBehavior::test_response_delay PASSED [ 33%]
tests/test_behavior_models_coverage.py::TestValveBehavior::test_clamping PASSED [ 33%]
tests/test_behavior_models_coverage.py::TestValveBehavior::test_reset PASSED [ 33%]
tests/test_behavior_models_coverage.py::TestValveBehavior::test_get_state PASSED [ 33%]
tests/test_behavior_models_coverage.py::TestValveBehavior::test_to_dict_and_from_dict PASSED [ 33%]
tests/test_behavior_models_coverage.py::TestValveBehavior::test_hysteresis_direction_change PASSED [ 33%]
tests/test_behavior_models_coverage.py::TestPIDController::test_init_defaults PASSED [ 33%]
tests/test_behavior_models_coverage.py::TestPIDController::test_update_returns_float PASSED [ 33%]
tests/test_behavior_models_coverage.py::TestPIDController::test_proportional_response PASSED [ 34%]
tests/test_behavior_models_coverage.py::TestPIDController::test_integral_accumulation PASSED [ 34%]
tests/test_behavior_models_coverage.py::TestPIDController::test_derivative_response PASSED [ 34%]
tests/test_behavior_models_coverage.py::TestPIDController::test_output_limit PASSED [ 34%]
tests/test_behavior_models_coverage.py::TestPIDController::test_anti_windup PASSED [ 34%]
tests/test_behavior_models_coverage.py::TestPIDController::test_no_output_limit PASSED [ 34%]
tests/test_behavior_models_coverage.py::TestPIDController::test_reset PASSED [ 34%]
tests/test_behavior_models_coverage.py::TestPIDController::test_get_state PASSED [ 34%]
tests/test_behavior_models_coverage.py::TestPIDController::test_to_dict_and_from_dict PASSED [ 34%]
tests/test_behavior_models_coverage.py::TestPIDController::test_dt_zero_protection PASSED [ 34%]
tests/test_behavior_models_coverage.py::TestPIDController::test_is_saturated PASSED [ 35%]
tests/test_behavior_models_coverage.py::TestPIDController::test_zero_error_no_output PASSED [ 35%]
tests/test_collaboration.py::test_evaluate_condition_operators[90->-80-True] PASSED [ 35%]
tests/test_collaboration.py::test_evaluate_condition_operators[70->-80-False] PASSED [ 35%]
tests/test_collaboration.py::test_evaluate_condition_operators[80->=-80-True] PASSED [ 35%]
tests/test_collaboration.py::test_evaluate_condition_operators[79->=-80-False] PASSED [ 35%]
tests/test_collaboration.py::test_evaluate_condition_operators[80-==-80-True] PASSED [ 35%]
tests/test_collaboration.py::test_evaluate_condition_operators[81-==-80-False] PASSED [ 35%]
tests/test_collaboration.py::test_evaluate_condition_operators[81-!=-80-True] PASSED [ 35%]
tests/test_collaboration.py::test_evaluate_condition_operators[30-between-target7-True] PASSED [ 35%]
tests/test_collaboration.py::test_evaluate_condition_operators[60-between-target8-False] PASSED [ 36%]
tests/test_collaboration.py::test_evaluate_condition_operators[2-in-target9-True] PASSED [ 36%]
tests/test_collaboration.py::test_evaluate_condition_operators[5-in-target10-False] PASSED [ 36%]
tests/test_collaboration.py::test_evaluate_condition_operators[5-not_in-target11-True] PASSED [ 36%]
tests/test_collaboration.py::test_evaluate_condition_operators[None->-80-False] PASSED [ 36%]
tests/test_collaboration.py::test_evaluate_condition_empty_and_unknown PASSED [ 36%]
tests/test_collaboration.py::test_set_action_writes_value PASSED         [ 36%]
tests/test_collaboration.py::test_toggle_action_flips_bool PASSED        [ 36%]
tests/test_collaboration.py::test_increment_and_decrement_actions PASSED [ 36%]
tests/test_collaboration.py::test_increment_defaults_to_step_one PASSED  [ 36%]
tests/test_collaboration.py::test_chain_with_delay_action PASSED         [ 36%]
tests/test_collaboration.py::test_pure_delay_action_does_not_write PASSED [ 37%]
tests/test_collaboration.py::test_cooldown_suppresses_rapid_retrigger PASSED [ 37%]
tests/test_collaboration.py::test_disabled_rule_not_triggered PASSED     [ 37%]
tests/test_collaboration.py::test_condition_not_met_does_not_trigger PASSED [ 37%]
tests/test_collaboration.py::test_read_none_does_not_trigger PASSED      [ 37%]
tests/test_collaboration.py::test_remove_rule PASSED                     [ 37%]
tests/test_collaboration.py::test_multiple_rules_independent PASSED      [ 37%]
tests/test_collaboration_scenario.py::test_collaboration_rule_triggers_set_action PASSED [ 37%]
tests/test_collaboration_scenario.py::test_collaboration_multi_action_chain PASSED [ 37%]
tests/test_collaboration_scenario.py::test_collaboration_toggle_action PASSED [ 37%]
tests/test_collaboration_scenario.py::test_collaboration_cooldown_suppresses_retrigger PASSED [ 38%]
tests/test_collaboration_scenario.py::test_collaboration_disabled_rule_not_triggered PASSED [ 38%]
tests/test_collaboration_scenario.py::test_collaboration_falls_back_to_memory_write PASSED [ 38%]
tests/test_collaboration_scenario.py::test_collaboration_synthesizes_action_from_target_fields PASSED [ 38%]
tests/test_collaboration_scenario.py::test_collaboration_condition_not_met_no_action PASSED [ 38%]
tests/test_core_coverage.py::TestRecorder::test_recorder_initialization PASSED [ 38%]
tests/test_core_coverage.py::TestRecorder::test_recorder_list_recordings PASSED [ 38%]
tests/test_core_coverage.py::TestRecorder::test_recorder_get_stats PASSED [ 38%]
tests/test_core_coverage.py::TestRecorder::test_recorder_start_stop PASSED [ 38%]
tests/test_core_coverage.py::TestRecorder::test_recorder_max_messages_config PASSED [ 38%]
tests/test_core_coverage.py::TestRecorder::test_recorder_max_message_size_config PASSED [ 39%]
tests/test_core_coverage.py::TestForwardEngine::test_forward_engine_initialization PASSED [ 39%]
tests/test_core_coverage.py::TestForwardEngine::test_forward_engine_add_remove_target PASSED [ 39%]
tests/test_core_coverage.py::TestForwardEngine::test_forward_engine_stats PASSED [ 39%]
tests/test_core_coverage.py::TestForwardEngine::test_forward_engine_start_stop PASSED [ 39%]
tests/test_core_coverage.py::TestForwardEngine::test_influxdb_target_creation PASSED [ 39%]
tests/test_core_coverage.py::TestForwardEngine::test_http_target_creation PASSED [ 39%]
tests/test_core_coverage.py::TestWebhookManager::test_webhook_manager_initialization PASSED [ 39%]
tests/test_core_coverage.py::TestWebhookManager::test_webhook_manager_add PASSED [ 39%]
tests/test_core_coverage.py::TestWebhookManager::test_webhook_manager_remove PASSED [ 39%]
tests/test_core_coverage.py::TestWebhookManager::test_webhook_manager_update PASSED [ 40%]
tests/test_core_coverage.py::TestWebhookManager::test_webhook_manager_stats PASSED [ 40%]
tests/test_core_coverage.py::TestWebhookManager::test_webhook_trigger PASSED [ 40%]
tests/test_core_coverage.py::TestDataGenerator::test_generator_initialization PASSED [ 40%]
tests/test_core_coverage.py::TestDataGenerator::test_generate_fixed PASSED [ 40%]
tests/test_core_coverage.py::TestDataGenerator::test_generate_random PASSED [ 40%]
tests/test_core_coverage.py::TestDataGenerator::test_generate_sine PASSED [ 40%]
tests/test_core_coverage.py::TestDataGenerator::test_generate_square PASSED [ 40%]
tests/test_core_coverage.py::TestDataGenerator::test_generate_triangle PASSED [ 40%]
tests/test_core_coverage.py::TestDataGenerator::test_generate_increment PASSED [ 40%]
tests/test_core_coverage.py::TestDataGenerator::test_generate_with_fault_injector PASSED [ 41%]
tests/test_core_coverage.py::TestAuth::test_hash_and_verify_password PASSED [ 41%]
tests/test_core_coverage.py::TestAuth::test_create_and_verify_token PASSED [ 41%]
tests/test_core_coverage.py::TestAuth::test_verify_invalid_token PASSED  [ 41%]
tests/test_core_coverage.py::TestAuth::test_verify_expired_token PASSED  [ 41%]
tests/test_core_coverage.py::TestAuth::test_create_and_verify_refresh_token PASSED [ 41%]
tests/test_core_coverage.py::TestAuth::test_user_manager_initialization PASSED [ 41%]
tests/test_core_coverage.py::TestAuth::test_user_manager_authenticate PASSED [ 41%]
tests/test_core_coverage.py::TestAuth::test_user_manager_create_user PASSED [ 41%]
tests/test_core_coverage.py::TestAuth::test_user_manager_wrong_password PASSED [ 41%]
tests/test_core_coverage.py::TestAuth::test_user_manager_change_password PASSED [ 42%]
tests/test_core_coverage.py::TestAuth::test_user_manager_delete_user PASSED [ 42%]
tests/test_core_coverage.py::TestAuth::test_user_manager_update_role PASSED [ 42%]
tests/test_core_coverage.py::TestAuth::test_user_manager_list_users PASSED [ 42%]
tests/test_core_coverage.py::TestFaultInjection::test_fault_type_values PASSED [ 42%]
tests/test_core_coverage.py::TestFaultInjection::test_trigger_mode_values PASSED [ 42%]
tests/test_core_coverage.py::TestFaultInjection::test_fault_config_creation PASSED [ 42%]
tests/test_core_coverage.py::TestFaultInjection::test_fault_injector_initialization PASSED [ 42%]
tests/test_core_coverage.py::TestFaultInjection::test_fault_injector_add_and_get PASSED [ 42%]
tests/test_core_coverage.py::TestFaultInjection::test_fault_injector_remove PASSED [ 42%]
tests/test_core_coverage.py::TestFaultInjection::test_fault_injector_clear_all PASSED [ 43%]
tests/test_core_coverage.py::TestFaultInjection::test_fault_injector_apply_stuck PASSED [ 43%]
tests/test_core_coverage.py::TestFaultInjection::test_fault_injector_apply_noise PASSED [ 43%]
tests/test_core_coverage.py::TestFaultInjection::test_fault_injector_apply_drift PASSED [ 43%]
tests/test_core_coverage.py::TestFaultInjection::test_fault_injector_no_fault PASSED [ 43%]
tests/test_core_coverage.py::TestFaultInjection::test_fault_injector_get_all_faults PASSED [ 43%]
tests/test_core_coverage.py::TestFaultInjection::test_fault_injector_activate_deactivate PASSED [ 43%]
tests/test_core_coverage.py::TestFaultInjection::test_fault_injector_to_dict PASSED [ 43%]
tests/test_core_coverage.py::TestDeviceStateMachine::test_state_machine_creation PASSED [ 43%]
tests/test_core_coverage.py::TestDeviceStateMachine::test_state_machine_initial_running PASSED [ 43%]
tests/test_core_coverage.py::TestDeviceStateMachine::test_state_machine_trigger_start PASSED [ 44%]
tests/test_core_coverage.py::TestDeviceStateMachine::test_state_machine_trigger_stop PASSED [ 44%]
tests/test_core_coverage.py::TestDeviceStateMachine::test_state_machine_trigger_error PASSED [ 44%]
tests/test_core_coverage.py::TestDeviceStateMachine::test_state_machine_history PASSED [ 44%]
tests/test_core_coverage.py::TestDeviceStateMachine::test_state_machine_state_duration PASSED [ 44%]
tests/test_core_coverage.py::TestDeviceStateMachine::test_state_machine_can_trigger PASSED [ 44%]
tests/test_core_coverage.py::TestDeviceStateMachine::test_device_state_enum PASSED [ 44%]
tests/test_core_coverage.py::TestDeviceStateMachine::test_state_transition_dataclass PASSED [ 44%]
tests/test_d1_scenario_enhancement.py::test_replay_drives_device_points PASSED [ 44%]
tests/test_d1_scenario_enhancement.py::test_replay_triggers_collaboration_rule PASSED [ 44%]
tests/test_d1_scenario_enhancement.py::test_replay_exhausted_scenario_continues PASSED [ 45%]
tests/test_d1_scenario_enhancement.py::test_replay_loop_continuously_feeds PASSED [ 45%]
tests/test_d1_scenario_enhancement.py::test_collaboration_inject_fault_action PASSED [ 45%]
tests/test_d1_scenario_enhancement.py::test_collaboration_inject_fault_without_target_point PASSED [ 45%]
tests/test_d1_scenario_enhancement.py::test_collaboration_inject_fault_chain_with_set PASSED [ 45%]
tests/test_db_session_coverage.py::TestSafeJsonLoads::test_valid_json PASSED [ 45%]
tests/test_db_session_coverage.py::TestSafeJsonLoads::test_invalid_json PASSED [ 45%]
tests/test_db_session_coverage.py::TestSafeJsonLoads::test_invalid_json_with_default PASSED [ 45%]
tests/test_db_session_coverage.py::TestSafeJsonLoads::test_none_input PASSED [ 45%]
tests/test_db_session_coverage.py::TestSafeJsonLoads::test_list_input PASSED [ 45%]
tests/test_db_session_coverage.py::TestDatabaseConnection::test_connect_sqlite_memory PASSED [ 45%]
tests/test_db_session_coverage.py::TestDatabaseConnection::test_connect_sqlite_file PASSED [ 46%]
tests/test_db_session_coverage.py::TestDatabaseConnection::test_close PASSED [ 46%]
tests/test_db_session_coverage.py::TestDatabaseConnection::test_is_postgresql_url PASSED [ 46%]
tests/test_db_session_coverage.py::TestDeviceCRUD::test_save_and_load_device PASSED [ 46%]
tests/test_db_session_coverage.py::TestDeviceCRUD::test_load_nonexistent_device PASSED [ 46%]
tests/test_db_session_coverage.py::TestDeviceCRUD::test_load_all_devices PASSED [ 46%]
tests/test_db_session_coverage.py::TestDeviceCRUD::test_load_all_devices_with_pagination PASSED [ 46%]
tests/test_db_session_coverage.py::TestDeviceCRUD::test_delete_device PASSED [ 46%]
tests/test_db_session_coverage.py::TestDeviceCRUD::test_update_device PASSED [ 46%]
tests/test_db_session_coverage.py::TestScenarioCRUD::test_save_and_load_scenario PASSED [ 46%]
tests/test_db_session_coverage.py::TestScenarioCRUD::test_load_nonexistent_scenario PASSED [ 47%]
tests/test_db_session_coverage.py::TestScenarioCRUD::test_load_all_scenarios PASSED [ 47%]
tests/test_db_session_coverage.py::TestScenarioCRUD::test_load_all_scenarios_with_pagination PASSED [ 47%]
tests/test_db_session_coverage.py::TestScenarioCRUD::test_delete_scenario PASSED [ 47%]
tests/test_db_session_coverage.py::TestTemplateCRUD::test_save_and_load_template PASSED [ 47%]
tests/test_db_session_coverage.py::TestTemplateCRUD::test_load_nonexistent_template PASSED [ 47%]
tests/test_db_session_coverage.py::TestTemplateCRUD::test_load_all_templates PASSED [ 47%]
tests/test_db_session_coverage.py::TestTemplateCRUD::test_delete_template PASSED [ 47%]
tests/test_db_session_coverage.py::TestTestCaseCRUD::test_save_and_load_test_case PASSED [ 47%]
tests/test_db_session_coverage.py::TestTestCaseCRUD::test_load_nonexistent_test_case PASSED [ 47%]
tests/test_db_session_coverage.py::TestTestCaseCRUD::test_load_all_test_cases PASSED [ 48%]
tests/test_db_session_coverage.py::TestTestCaseCRUD::test_delete_test_case PASSED [ 48%]
tests/test_db_session_coverage.py::TestTestSuiteCRUD::test_save_and_load_test_suite PASSED [ 48%]
tests/test_db_session_coverage.py::TestTestSuiteCRUD::test_load_nonexistent_test_suite PASSED [ 48%]
tests/test_db_session_coverage.py::TestTestSuiteCRUD::test_load_all_test_suites PASSED [ 48%]
tests/test_db_session_coverage.py::TestTestSuiteCRUD::test_delete_test_suite PASSED [ 48%]
tests/test_db_session_coverage.py::TestTestReportCRUD::test_save_and_load_test_report PASSED [ 48%]
tests/test_db_session_coverage.py::TestTestReportCRUD::test_load_nonexistent_test_report PASSED [ 48%]
tests/test_db_session_coverage.py::TestTestReportCRUD::test_load_test_reports PASSED [ 48%]
tests/test_db_session_coverage.py::TestTestReportCRUD::test_delete_test_report PASSED [ 48%]
tests/test_db_session_coverage.py::TestUserCRUD::test_save_and_load_user PASSED [ 49%]
tests/test_db_session_coverage.py::TestUserCRUD::test_load_nonexistent_user PASSED [ 49%]
tests/test_db_session_coverage.py::TestUserCRUD::test_load_all_users PASSED [ 49%]
tests/test_db_session_coverage.py::TestUserCRUD::test_delete_user PASSED [ 49%]
tests/test_db_session_coverage.py::TestAuditLog::test_save_and_load_audit_logs PASSED [ 49%]
tests/test_e2e_edgelite_joint.py::test_convert_device_to_edgelite_produces_valid_payload PASSED [ 49%]
tests/test_e2e_edgelite_joint.py::test_push_device_to_mocked_edgelite_succeeds PASSED [ 49%]
tests/test_e2e_edgelite_joint.py::test_verify_pipeline_all_steps_pass PASSED [ 49%]
tests/test_e2e_edgelite_joint.py::test_verify_pipeline_auto_fixes_unregistered_device PASSED [ 49%]
tests/test_e2e_edgelite_joint.py::test_verify_pipeline_detects_offline_device PASSED [ 49%]
tests/test_e2e_modbus_real.py::test_real_modbus_bool_reads_from_coil FAILED [ 50%]
tests/test_e2e_modbus_real.py::test_real_modbus_float32_reads_from_holding FAILED [ 50%]
tests/test_e2e_modbus_real.py::test_real_modbus_coil_not_in_holding FAILED [ 50%]
tests/test_e2e_modbus_real.py::test_edgelite_config_has_correct_register_types PASSED [ 50%]
tests/test_e2e_modbus_real.py::test_edgelite_config_driver_connects_to_protoforge PASSED [ 50%]
tests/test_e2e_modbus_real.py::test_real_modbus_write_coil_reflects_in_protoforge FAILED [ 50%]
tests/test_e2e_modbus_real.py::test_real_modbus_write_holding_reflects_in_protoforge FAILED [ 50%]
tests/test_e2e_modbus_real.py::test_external_modbus_write_propagates_to_device_instance FAILED [ 50%]
tests/test_e2e_modbus_real.py::test_consecutive_modbus_writes_consistent FAILED [ 50%]
tests/test_e2e_multi_protocol_real.py::test_http_get_points_returns_values PASSED [ 50%]
tests/test_e2e_multi_protocol_real.py::test_http_post_writes_value PASSED [ 51%]
tests/test_e2e_multi_protocol_real.py::test_http_health_endpoint PASSED  [ 51%]
tests/test_e2e_multi_protocol_real.py::test_mqtt_subscribe_receives_device_data PASSED [ 51%]
tests/test_e2e_multi_protocol_real.py::test_mqtt_broker_accepts_connection PASSED [ 51%]
tests/test_e2e_multi_protocol_real.py::test_opcua_client_reads_node_value +++++++++++++++++++++++++++++++++++ Timeout +++++++++++++++++++++++++++++++++++
~~~~~~~~~~~~~~~~~~~~~~~~~ Stack of Thread-1285 (2104) ~~~~~~~~~~~~~~~~~~~~~~~~~
  File "D:\os\Python312\Lib\threading.py", line 1009, in _bootstrap
    self._bootstrap_inner()
  File "D:\os\Python312\Lib\threading.py", line 1052, in _bootstrap_inner
    self.run()
  File "D:\os\Python312\Lib\site-packages\aiosqlite\core.py", line 107, in run
    tx_item = self._tx.get()
~~~~~~~~~~~~~~~~~~~~~~~~~ Stack of MainThread (17952) ~~~~~~~~~~~~~~~~~~~~~~~~~
  File "<frozen runpy>", line 198, in _run_module_as_main
  File "<frozen runpy>", line 88, in _run_code
  File "D:\os\Python312\Lib\site-packages\pytest\__main__.py", line 9, in <module>
    raise SystemExit(pytest.console_main())
  File "D:\os\Python312\Lib\site-packages\_pytest\config\__init__.py", line 223, in console_main
    code = main()
  File "D:\os\Python312\Lib\site-packages\_pytest\config\__init__.py", line 199, in main
    ret: ExitCode | int = config.hook.pytest_cmdline_main(config=config)
  File "D:\os\Python312\Lib\site-packages\pluggy\_hooks.py", line 512, in __call__
    return self._hookexec(self.name, self._hookimpls.copy(), kwargs, firstresult)
  File "D:\os\Python312\Lib\site-packages\pluggy\_manager.py", line 120, in _hookexec
    return self._inner_hookexec(hook_name, methods, kwargs, firstresult)
  File "D:\os\Python312\Lib\site-packages\pluggy\_callers.py", line 121, in _multicall
    res = hook_impl.function(*args)
  File "D:\os\Python312\Lib\site-packages\_pytest\main.py", line 365, in pytest_cmdline_main
    return wrap_session(config, _main)
  File "D:\os\Python312\Lib\site-packages\_pytest\main.py", line 318, in wrap_session
    session.exitstatus = doit(config, session) or 0
  File "D:\os\Python312\Lib\site-packages\_pytest\main.py", line 372, in _main
    config.hook.pytest_runtestloop(session=session)
  File "D:\os\Python312\Lib\site-packages\pluggy\_hooks.py", line 512, in __call__
    return self._hookexec(self.name, self._hookimpls.copy(), kwargs, firstresult)
  File "D:\os\Python312\Lib\site-packages\pluggy\_manager.py", line 120, in _hookexec
    return self._inner_hookexec(hook_name, methods, kwargs, firstresult)
  File "D:\os\Python312\Lib\site-packages\pluggy\_callers.py", line 121, in _multicall
    res = hook_impl.function(*args)
  File "D:\os\Python312\Lib\site-packages\_pytest\main.py", line 396, in pytest_runtestloop
    item.config.hook.pytest_runtest_protocol(item=item, nextitem=nextitem)
  File "D:\os\Python312\Lib\site-packages\pluggy\_hooks.py", line 512, in __call__
    return self._hookexec(self.name, self._hookimpls.copy(), kwargs, firstresult)
  File "D:\os\Python312\Lib\site-packages\pluggy\_manager.py", line 120, in _hookexec
    return self._inner_hookexec(hook_name, methods, kwargs, firstresult)
  File "D:\os\Python312\Lib\site-packages\pluggy\_callers.py", line 121, in _multicall
    res = hook_impl.function(*args)
  File "D:\os\Python312\Lib\site-packages\_pytest\runner.py", line 118, in pytest_runtest_protocol
    runtestprotocol(item, nextitem=nextitem)
  File "D:\os\Python312\Lib\site-packages\_pytest\runner.py", line 131, in runtestprotocol
    rep = call_and_report(item, "setup", log)
  File "D:\os\Python312\Lib\site-packages\_pytest\runner.py", line 244, in call_and_report
    call = CallInfo.from_call(
  File "D:\os\Python312\Lib\site-packages\_pytest\runner.py", line 353, in from_call
    result: TResult | None = func()
  File "D:\os\Python312\Lib\site-packages\_pytest\runner.py", line 245, in <lambda>
    lambda: runtest_hook(item=item, **kwds),
  File "D:\os\Python312\Lib\site-packages\pluggy\_hooks.py", line 512, in __call__
    return self._hookexec(self.name, self._hookimpls.copy(), kwargs, firstresult)
  File "D:\os\Python312\Lib\site-packages\pluggy\_manager.py", line 120, in _hookexec
    return self._inner_hookexec(hook_name, methods, kwargs, firstresult)
  File "D:\os\Python312\Lib\site-packages\pluggy\_callers.py", line 121, in _multicall
    res = hook_impl.function(*args)
  File "D:\os\Python312\Lib\site-packages\_pytest\runner.py", line 165, in pytest_runtest_setup
    item.session._setupstate.setup(item)
  File "D:\os\Python312\Lib\site-packages\_pytest\runner.py", line 523, in setup
    col.setup()
  File "D:\os\Python312\Lib\site-packages\pytest_asyncio\plugin.py", line 458, in setup
    return super().setup()
  File "D:\os\Python312\Lib\site-packages\_pytest\python.py", line 1723, in setup
    self._request._fillfixtures()
  File "D:\os\Python312\Lib\site-packages\_pytest\fixtures.py", line 707, in _fillfixtures
    item.funcargs[argname] = self.getfixturevalue(argname)
  File "D:\os\Python312\Lib\site-packages\_pytest\fixtures.py", line 539, in getfixturevalue
    fixturedef = self._get_active_fixturedef(argname)
  File "D:\os\Python312\Lib\site-packages\_pytest\fixtures.py", line 627, in _get_active_fixturedef
    fixturedef.execute(request=subrequest)
  File "D:\os\Python312\Lib\site-packages\_pytest\fixtures.py", line 1110, in execute
    result: FixtureValue = ihook.pytest_fixture_setup(
  File "D:\os\Python312\Lib\site-packages\pluggy\_hooks.py", line 512, in __call__
    return self._hookexec(self.name, self._hookimpls.copy(), kwargs, firstresult)
  File "D:\os\Python312\Lib\site-packages\pluggy\_manager.py", line 120, in _hookexec
    return self._inner_hookexec(hook_name, methods, kwargs, firstresult)
  File "D:\os\Python312\Lib\site-packages\pluggy\_callers.py", line 121, in _multicall
    res = hook_impl.function(*args)
  File "D:\os\Python312\Lib\site-packages\_pytest\fixtures.py", line 1202, in pytest_fixture_setup
    result = call_fixture_func(fixturefunc, request, kwargs)
  File "D:\os\Python312\Lib\site-packages\_pytest\fixtures.py", line 915, in call_fixture_func
    fixture_result = fixturefunc(**kwargs)
  File "D:\os\Python312\Lib\site-packages\pytest_asyncio\plugin.py", line 313, in _asyncgen_fixture_wrapper
    result = runner.run(setup(), context=context)
  File "D:\os\Python312\Lib\asyncio\runners.py", line 118, in run
    return self._loop.run_until_complete(task)
  File "D:\os\Python312\Lib\asyncio\base_events.py", line 651, in run_until_complete
    self.run_forever()
  File "D:\os\Python312\Lib\asyncio\windows_events.py", line 321, in run_forever
    super().run_forever()
  File "D:\os\Python312\Lib\asyncio\base_events.py", line 618, in run_forever
    self._run_once()
  File "D:\os\Python312\Lib\asyncio\base_events.py", line 1951, in _run_once
    handle._run()
  File "D:\os\Python312\Lib\asyncio\events.py", line 84, in _run
    self._context.run(self._callback, *self._args)
  File "D:\os\Python312\Lib\site-packages\pytest_asyncio\plugin.py", line 309, in setup
    res = await gen_obj.__anext__()
  File "E:\˶������\PyGBSentry\ProtoForge\tests\test_e2e_multi_protocol_real.py", line 362, in opcua_server
    await engine.start_protocol("opcua", {"host": "127.0.0.1", "port": OPCUA_TEST_PORT})
  File "E:\˶������\PyGBSentry\ProtoForge\protoforge\core\engine.py", line 353, in start_protocol
    await server.start(config)
  File "E:\˶������\PyGBSentry\ProtoForge\protoforge\protocols\opcua\server.py", line 247, in start
    await self._server.init()
  File "D:\os\Python312\Lib\site-packages\asyncua\server\server.py", line 126, in init
    await self.iserver.init(shelf_file)
  File "D:\os\Python312\Lib\site-packages\asyncua\server\internal_server.py", line 80, in init
    await self.load_standard_address_space(shelffile)
  File "D:\os\Python312\Lib\site-packages\asyncua\server\internal_server.py", line 145, in load_standard_address_space
    standard_address_space.fill_address_space(self.node_mgt_service)
  File "D:\os\Python312\Lib\site-packages\asyncua\server\standard_address_space\standard_address_space.py", line 35, in fill_address_space
    create_standard_address_space_Services(server)
  File "D:\os\Python312\Lib\site-packages\asyncua\server\standard_address_space\standard_address_space_services.py", line 40640, in create_standard_address_space_Services
    ParentNodeId=NumericNodeId(12581, 0),
  File "<string>", line 15, in __init__
+++++++++++++++++++++++++++++++++++ Timeout +++++++++++++++++++++++++++++++++++
